<?xml version="1.0" encoding="UTF-8"?>
<coverage generated="1583454513091" clover="3.2.0">
  <project timestamp="1583454513091" name="All files">
    <metrics statements="33" coveredstatements="33" conditionals="0" coveredconditionals="0" methods="20" coveredmethods="20" elements="53" coveredelements="53" complexity="0" loc="33" ncloc="33" packages="2" files="2" classes="2"/>
    <package name="ohm_practice">
      <metrics statements="22" coveredstatements="22" conditionals="0" coveredconditionals="0" methods="10" coveredmethods="10"/>
      <file name="index.js" path="/Users/sas/Desktop/McLovin It/Junior Year/Work Hard/Semester 2/Compilers/cmsi488/homework2/ohm_practice/index.js">
        <metrics statements="22" coveredstatements="22" conditionals="0" coveredconditionals="0" methods="10" coveredmethods="10"/>
        <line num="1" count="1" type="stmt"/>
        <line num="4" count="11" type="stmt"/>
        <line num="9" count="11" type="stmt"/>
        <line num="13" count="9" type="stmt"/>
        <line num="17" count="9" type="stmt"/>
        <line num="21" count="14" type="stmt"/>
        <line num="31" count="14" type="stmt"/>
        <line num="35" count="31" type="stmt"/>
        <line num="40" count="31" type="stmt"/>
        <line num="44" count="11" type="stmt"/>
        <line num="48" count="11" type="stmt"/>
        <line num="52" count="14" type="stmt"/>
        <line num="61" count="14" type="stmt"/>
        <line num="65" count="12" type="stmt"/>
        <line num="74" count="12" type="stmt"/>
        <line num="78" count="12" type="stmt"/>
        <line num="89" count="12" type="stmt"/>
        <line num="93" count="12" type="stmt"/>
        <line num="97" count="12" type="stmt"/>
        <line num="101" count="17" type="stmt"/>
        <line num="110" count="17" type="stmt"/>
        <line num="113" count="1" type="stmt"/>
      </file>
    </package>
    <package name="regex_practice">
      <metrics statements="11" coveredstatements="11" conditionals="0" coveredconditionals="0" methods="10" coveredmethods="10"/>
      <file name="regex_practice.js" path="/Users/sas/Desktop/McLovin It/Junior Year/Work Hard/Semester 2/Compilers/cmsi488/homework2/regex_practice/regex_practice.js">
        <metrics statements="11" coveredstatements="11" conditionals="0" coveredconditionals="0" methods="10" coveredmethods="10"/>
        <line num="2" count="11" type="stmt"/>
        <line num="8" count="9" type="stmt"/>
        <line num="12" count="14" type="stmt"/>
        <line num="18" count="31" type="stmt"/>
        <line num="22" count="11" type="stmt"/>
        <line num="26" count="14" type="stmt"/>
        <line num="30" count="12" type="stmt"/>
        <line num="34" count="12" type="stmt"/>
        <line num="49" count="12" type="stmt"/>
        <line num="53" count="17" type="stmt"/>
        <line num="58" count="1" type="stmt"/>
      </file>
    </package>
  </project>
</coverage>
