{"/Users/sas/Desktop/McLovin It/Junior Year/Work Hard/Semester 2/Compilers/cmsi488/homework2/ohm_practice/index.js": {"path":"/Users/sas/Desktop/McLovin It/Junior Year/Work Hard/Semester 2/Compilers/cmsi488/homework2/ohm_practice/index.js","statementMap":{"0":{"start":{"line":1,"column":12},"end":{"line":1,"column":29}},"1":{"start":{"line":4,"column":18},"end":{"line":8,"column":7}},"2":{"start":{"line":9,"column":2},"end":{"line":9,"column":38}},"3":{"start":{"line":13,"column":18},"end":{"line":16,"column":7}},"4":{"start":{"line":17,"column":2},"end":{"line":17,"column":38}},"5":{"start":{"line":21,"column":18},"end":{"line":30,"column":7}},"6":{"start":{"line":31,"column":2},"end":{"line":31,"column":38}},"7":{"start":{"line":35,"column":18},"end":{"line":39,"column":7}},"8":{"start":{"line":40,"column":2},"end":{"line":40,"column":38}},"9":{"start":{"line":44,"column":18},"end":{"line":47,"column":7}},"10":{"start":{"line":48,"column":2},"end":{"line":48,"column":38}},"11":{"start":{"line":52,"column":18},"end":{"line":60,"column":3}},"12":{"start":{"line":61,"column":2},"end":{"line":61,"column":38}},"13":{"start":{"line":65,"column":18},"end":{"line":73,"column":7}},"14":{"start":{"line":74,"column":2},"end":{"line":74,"column":38}},"15":{"start":{"line":78,"column":18},"end":{"line":88,"column":5}},"16":{"start":{"line":89,"column":2},"end":{"line":89,"column":38}},"17":{"start":{"line":93,"column":18},"end":{"line":96,"column":5}},"18":{"start":{"line":97,"column":2},"end":{"line":97,"column":38}},"19":{"start":{"line":101,"column":18},"end":{"line":109,"column":3}},"20":{"start":{"line":110,"column":2},"end":{"line":110,"column":38}},"21":{"start":{"line":113,"column":0},"end":{"line":124,"column":2}}},"fnMap":{"0":{"name":"isCanadianPostalCode","decl":{"start":{"line":3,"column":9},"end":{"line":3,"column":29}},"loc":{"start":{"line":3,"column":33},"end":{"line":10,"column":1}},"line":3},"1":{"name":"isVisa","decl":{"start":{"line":12,"column":9},"end":{"line":12,"column":15}},"loc":{"start":{"line":12,"column":19},"end":{"line":18,"column":1}},"line":12},"2":{"name":"isMasterCard","decl":{"start":{"line":20,"column":9},"end":{"line":20,"column":21}},"loc":{"start":{"line":20,"column":25},"end":{"line":32,"column":1}},"line":20},"3":{"name":"isEightThroughTwentyNine","decl":{"start":{"line":34,"column":9},"end":{"line":34,"column":33}},"loc":{"start":{"line":34,"column":37},"end":{"line":41,"column":1}},"line":34},"4":{"name":"isMLComment","decl":{"start":{"line":43,"column":9},"end":{"line":43,"column":20}},"loc":{"start":{"line":43,"column":24},"end":{"line":49,"column":1}},"line":43},"5":{"name":"isNotThreeEndingInOO","decl":{"start":{"line":51,"column":9},"end":{"line":51,"column":29}},"loc":{"start":{"line":51,"column":33},"end":{"line":62,"column":1}},"line":51},"6":{"name":"isDivisibleBy64","decl":{"start":{"line":64,"column":9},"end":{"line":64,"column":24}},"loc":{"start":{"line":64,"column":28},"end":{"line":75,"column":1}},"line":64},"7":{"name":"isNotDogDoorDenNoLookAround","decl":{"start":{"line":77,"column":9},"end":{"line":77,"column":36}},"loc":{"start":{"line":77,"column":40},"end":{"line":90,"column":1}},"line":77},"8":{"name":"isNotDogDoorDenWithLookAround","decl":{"start":{"line":92,"column":9},"end":{"line":92,"column":38}},"loc":{"start":{"line":92,"column":42},"end":{"line":98,"column":1}},"line":92},"9":{"name":"isAdaFloat","decl":{"start":{"line":100,"column":9},"end":{"line":100,"column":19}},"loc":{"start":{"line":100,"column":23},"end":{"line":111,"column":1}},"line":100}},"branchMap":{},"s":{"0":1,"1":11,"2":11,"3":9,"4":9,"5":14,"6":14,"7":31,"8":31,"9":11,"10":11,"11":14,"12":14,"13":12,"14":12,"15":12,"16":12,"17":12,"18":12,"19":17,"20":17,"21":1},"f":{"0":11,"1":9,"2":14,"3":31,"4":11,"5":14,"6":12,"7":12,"8":12,"9":17},"b":{},"_coverageSchema":"1a1c01bbd47fc00a2c39e90264f33305004495a9","hash":"547b4f4f1730adb1a6eef39b5da07e482364e991"}
,"/Users/sas/Desktop/McLovin It/Junior Year/Work Hard/Semester 2/Compilers/cmsi488/homework2/regex_practice/regex_practice.js": {"path":"/Users/sas/Desktop/McLovin It/Junior Year/Work Hard/Semester 2/Compilers/cmsi488/homework2/regex_practice/regex_practice.js","statementMap":{"0":{"start":{"line":2,"column":2},"end":{"line":4,"column":4}},"1":{"start":{"line":8,"column":2},"end":{"line":8,"column":45}},"2":{"start":{"line":12,"column":2},"end":{"line":14,"column":4}},"3":{"start":{"line":18,"column":2},"end":{"line":18,"column":36}},"4":{"start":{"line":22,"column":2},"end":{"line":22,"column":47}},"5":{"start":{"line":26,"column":2},"end":{"line":26,"column":44}},"6":{"start":{"line":30,"column":2},"end":{"line":30,"column":41}},"7":{"start":{"line":34,"column":2},"end":{"line":45,"column":12}},"8":{"start":{"line":49,"column":2},"end":{"line":49,"column":52}},"9":{"start":{"line":53,"column":2},"end":{"line":55,"column":4}},"10":{"start":{"line":58,"column":0},"end":{"line":69,"column":2}}},"fnMap":{"0":{"name":"isCanadianPostalCode","decl":{"start":{"line":1,"column":9},"end":{"line":1,"column":29}},"loc":{"start":{"line":1,"column":33},"end":{"line":5,"column":1}},"line":1},"1":{"name":"isVisa","decl":{"start":{"line":7,"column":9},"end":{"line":7,"column":15}},"loc":{"start":{"line":7,"column":19},"end":{"line":9,"column":1}},"line":7},"2":{"name":"isMasterCard","decl":{"start":{"line":11,"column":9},"end":{"line":11,"column":21}},"loc":{"start":{"line":11,"column":25},"end":{"line":15,"column":1}},"line":11},"3":{"name":"isEightThroughTwentyNine","decl":{"start":{"line":17,"column":9},"end":{"line":17,"column":33}},"loc":{"start":{"line":17,"column":37},"end":{"line":19,"column":1}},"line":17},"4":{"name":"isMLComment","decl":{"start":{"line":21,"column":9},"end":{"line":21,"column":20}},"loc":{"start":{"line":21,"column":24},"end":{"line":23,"column":1}},"line":21},"5":{"name":"isNotThreeEndingInOO","decl":{"start":{"line":25,"column":9},"end":{"line":25,"column":29}},"loc":{"start":{"line":25,"column":33},"end":{"line":27,"column":1}},"line":25},"6":{"name":"isDivisibleBy64","decl":{"start":{"line":29,"column":9},"end":{"line":29,"column":24}},"loc":{"start":{"line":29,"column":28},"end":{"line":31,"column":1}},"line":29},"7":{"name":"isNotDogDoorDenNoLookAround","decl":{"start":{"line":33,"column":9},"end":{"line":33,"column":36}},"loc":{"start":{"line":33,"column":40},"end":{"line":46,"column":1}},"line":33},"8":{"name":"isNotDogDoorDenWithLookAround","decl":{"start":{"line":48,"column":9},"end":{"line":48,"column":38}},"loc":{"start":{"line":48,"column":42},"end":{"line":50,"column":1}},"line":48},"9":{"name":"isAdaFloat","decl":{"start":{"line":52,"column":9},"end":{"line":52,"column":19}},"loc":{"start":{"line":52,"column":23},"end":{"line":56,"column":1}},"line":52}},"branchMap":{},"s":{"0":11,"1":9,"2":14,"3":31,"4":11,"5":14,"6":12,"7":12,"8":12,"9":17,"10":1},"f":{"0":11,"1":9,"2":14,"3":31,"4":11,"5":14,"6":12,"7":12,"8":12,"9":17},"b":{},"_coverageSchema":"1a1c01bbd47fc00a2c39e90264f33305004495a9","hash":"4302e58ca210eb4d5e84d9f5f66ac07d7f845a17"}
}
