TN:
SF:ohm_practice/index.js
FN:3,isCanadianPostalCode
FN:12,isVisa
FN:20,isMasterCard
FN:34,isEightThroughTwentyNine
FN:43,isMLComment
FN:51,isNotThreeEndingInOO
FN:64,isDivisibleBy64
FN:77,isNotDogDoorDenNoLookAround
FN:92,isNotDogDoorDenWithLookAround
FN:100,isAdaFloat
FNF:10
FNH:10
FNDA:11,isCanadianPostalCode
FNDA:9,isVisa
FNDA:14,isMasterCard
FNDA:31,isEightThroughTwentyNine
FNDA:11,isMLComment
FNDA:14,isNotThreeEndingInOO
FNDA:12,isDivisibleBy64
FNDA:12,isNotDogDoorDenNoLookAround
FNDA:12,isNotDogDoorDenWithLookAround
FNDA:17,isAdaFloat
DA:1,1
DA:4,11
DA:9,11
DA:13,9
DA:17,9
DA:21,14
DA:31,14
DA:35,31
DA:40,31
DA:44,11
DA:48,11
DA:52,14
DA:61,14
DA:65,12
DA:74,12
DA:78,12
DA:89,12
DA:93,12
DA:97,12
DA:101,17
DA:110,17
DA:113,1
LF:22
LH:22
BRF:0
BRH:0
end_of_record
TN:
SF:regex_practice/regex_practice.js
FN:1,isCanadianPostalCode
FN:7,isVisa
FN:11,isMasterCard
FN:17,isEightThroughTwentyNine
FN:21,isMLComment
FN:25,isNotThreeEndingInOO
FN:29,isDivisibleBy64
FN:33,isNotDogDoorDenNoLookAround
FN:48,isNotDogDoorDenWithLookAround
FN:52,isAdaFloat
FNF:10
FNH:10
FNDA:11,isCanadianPostalCode
FNDA:9,isVisa
FNDA:14,isMasterCard
FNDA:31,isEightThroughTwentyNine
FNDA:11,isMLComment
FNDA:14,isNotThreeEndingInOO
FNDA:12,isDivisibleBy64
FNDA:12,isNotDogDoorDenNoLookAround
FNDA:12,isNotDogDoorDenWithLookAround
FNDA:17,isAdaFloat
DA:2,11
DA:8,9
DA:12,14
DA:18,31
DA:22,11
DA:26,14
DA:30,12
DA:34,12
DA:49,12
DA:53,17
DA:58,1
LF:11
LH:11
BRF:0
BRH:0
end_of_record
